app/build/intermediates/manifest_merge_blame_file/debug/processDebugMainManifest/manifest-merger-blame-debug-report.txt
1<?xml version="1.0" encoding="utf-8"?>
2<manifest xmlns:android="http://schemas.android.com/apk/res/android"
3    package="wat.inz.kolektorlogow"
4    android:versionCode="1"
5    android:versionName="1.0" >
6
7    <uses-sdk
8        android:minSdkVersion="24"
9        android:targetSdkVersion="34" />
10
11    <uses-permission android:name="moe.shizuku.manager.permission.API_V23" />
11-->src\main\AndroidManifest.xml:6:5-78
11-->src\main\AndroidManifest.xml:6:22-75
12    <!-- Although the *SdkVersion is captured in gradle build files, this is required for non gradle builds -->
13    <!-- <uses-sdk android:minSdkVersion="21" /> -->
14    <uses-permission android:name="android.permission.ACCESS_NETWORK_STATE" />
14-->[com.google.firebase:firebase-firestore:25.1.1] AndroidManifest.xml:10:5-79
14-->[com.google.firebase:firebase-firestore:25.1.1] AndroidManifest.xml:10:22-76
15    <uses-permission android:name="android.permission.INTERNET" />
15-->[com.google.firebase:firebase-firestore:25.1.1] AndroidManifest.xml:11:5-67
15-->[com.google.firebase:firebase-firestore:25.1.1] AndroidManifest.xml:11:22-64
16
17    <permission
17-->[androidx.core:core:1.13.0] AndroidManifest.xml:22:5-24:47
18        android:name="wat.inz.kolektorlogow.DYNAMIC_RECEIVER_NOT_EXPORTED_PERMISSION"
18-->[androidx.core:core:1.13.0] AndroidManifest.xml:23:9-81
19        android:protectionLevel="signature" />
19-->[androidx.core:core:1.13.0] AndroidManifest.xml:24:9-44
20
21    <uses-permission android:name="wat.inz.kolektorlogow.DYNAMIC_RECEIVER_NOT_EXPORTED_PERMISSION" />
21-->[androidx.core:core:1.13.0] AndroidManifest.xml:26:5-97
21-->[androidx.core:core:1.13.0] AndroidManifest.xml:26:22-94
22
23    <application
23-->src\main\AndroidManifest.xml:7:5-31:19
24        android:allowBackup="true"
24-->src\main\AndroidManifest.xml:8:9-35
25        android:appComponentFactory="androidx.core.app.CoreComponentFactory"
25-->[androidx.core:core:1.13.0] AndroidManifest.xml:28:18-86
26        android:debuggable="true"
27        android:extractNativeLibs="false"
28        android:icon="@mipmap/ic_launcher"
28-->src\main\AndroidManifest.xml:9:9-43
29        android:label="@string/app_name"
29-->src\main\AndroidManifest.xml:10:9-41
30        android:roundIcon="@mipmap/ic_launcher_round"
30-->src\main\AndroidManifest.xml:11:9-54
31        android:supportsRtl="true"
31-->src\main\AndroidManifest.xml:12:9-35
32        android:theme="@style/Theme.KolektorLogow" >
32-->src\main\AndroidManifest.xml:13:9-51
33        <activity
33-->src\main\AndroidManifest.xml:15:9-23:20
34            android:name="wat.inz.kolektorlogow.main.MainActivity"
34-->src\main\AndroidManifest.xml:16:13-46
35            android:exported="true"
35-->src\main\AndroidManifest.xml:17:13-36
36            android:theme="@style/Theme.KolektorLogow.NoActionBar" >
36-->src\main\AndroidManifest.xml:18:13-67
37            <intent-filter>
37-->src\main\AndroidManifest.xml:19:13-22:29
38                <action android:name="android.intent.action.MAIN" />
38-->src\main\AndroidManifest.xml:20:17-69
38-->src\main\AndroidManifest.xml:20:25-66
39
40                <category android:name="android.intent.category.LAUNCHER" />
40-->src\main\AndroidManifest.xml:21:17-77
40-->src\main\AndroidManifest.xml:21:27-74
41            </intent-filter>
42        </activity>
43
44        <provider
45            android:name="rikka.shizuku.ShizukuProvider"
45-->src\main\AndroidManifest.xml:25:13-57
46            android:authorities="wat.inz.kolektorlogow.shizuku"
46-->src\main\AndroidManifest.xml:26:13-59
47            android:enabled="true"
47-->src\main\AndroidManifest.xml:27:13-35
48            android:exported="true"
48-->src\main\AndroidManifest.xml:28:13-36
49            android:multiprocess="false"
49-->src\main\AndroidManifest.xml:29:13-41
50            android:permission="android.permission.INTERACT_ACROSS_USERS_FULL" />
50-->src\main\AndroidManifest.xml:30:13-79
51
52        <meta-data
52-->[dev.rikka.shizuku:provider:13.0.0] AndroidManifest.xml:13:9-15:36
53            android:name="moe.shizuku.client.V3_SUPPORT"
53-->[dev.rikka.shizuku:provider:13.0.0] AndroidManifest.xml:14:13-57
54            android:value="true" />
54-->[dev.rikka.shizuku:provider:13.0.0] AndroidManifest.xml:15:13-33
55
56        <service
56-->[com.google.firebase:firebase-firestore:25.1.1] AndroidManifest.xml:14:9-23:19
57            android:name="com.google.firebase.components.ComponentDiscoveryService"
57-->[com.google.firebase:firebase-firestore:25.1.1] AndroidManifest.xml:15:13-84
58            android:directBootAware="true"
58-->[com.google.firebase:firebase-common:21.0.0] AndroidManifest.xml:32:13-43
59            android:exported="false" >
59-->[com.google.firebase:firebase-firestore:25.1.1] AndroidManifest.xml:16:13-37
60            <meta-data
60-->[com.google.firebase:firebase-firestore:25.1.1] AndroidManifest.xml:17:13-19:85
61                android:name="com.google.firebase.components:com.google.firebase.firestore.FirebaseFirestoreKtxRegistrar"
61-->[com.google.firebase:firebase-firestore:25.1.1] AndroidManifest.xml:18:17-122
62                android:value="com.google.firebase.components.ComponentRegistrar" />
62-->[com.google.firebase:firebase-firestore:25.1.1] AndroidManifest.xml:19:17-82
63            <meta-data
63-->[com.google.firebase:firebase-firestore:25.1.1] AndroidManifest.xml:20:13-22:85
64                android:name="com.google.firebase.components:com.google.firebase.firestore.FirestoreRegistrar"
64-->[com.google.firebase:firebase-firestore:25.1.1] AndroidManifest.xml:21:17-111
65                android:value="com.google.firebase.components.ComponentRegistrar" />
65-->[com.google.firebase:firebase-firestore:25.1.1] AndroidManifest.xml:22:17-82
66            <meta-data
66-->[com.google.firebase:firebase-common-ktx:21.0.0] AndroidManifest.xml:12:13-14:85
67                android:name="com.google.firebase.components:com.google.firebase.ktx.FirebaseCommonLegacyRegistrar"
67-->[com.google.firebase:firebase-common-ktx:21.0.0] AndroidManifest.xml:13:17-116
68                android:value="com.google.firebase.components.ComponentRegistrar" />
68-->[com.google.firebase:firebase-common-ktx:21.0.0] AndroidManifest.xml:14:17-82
69            <meta-data
69-->[com.google.firebase:firebase-common:21.0.0] AndroidManifest.xml:35:13-37:85
70                android:name="com.google.firebase.components:com.google.firebase.FirebaseCommonKtxRegistrar"
70-->[com.google.firebase:firebase-common:21.0.0] AndroidManifest.xml:36:17-109
71                android:value="com.google.firebase.components.ComponentRegistrar" />
71-->[com.google.firebase:firebase-common:21.0.0] AndroidManifest.xml:37:17-82
72        </service>
73
74        <provider
74-->[com.google.firebase:firebase-common:21.0.0] AndroidManifest.xml:23:9-28:39
75            android:name="com.google.firebase.provider.FirebaseInitProvider"
75-->[com.google.firebase:firebase-common:21.0.0] AndroidManifest.xml:24:13-77
76            android:authorities="wat.inz.kolektorlogow.firebaseinitprovider"
76-->[com.google.firebase:firebase-common:21.0.0] AndroidManifest.xml:25:13-72
77            android:directBootAware="true"
77-->[com.google.firebase:firebase-common:21.0.0] AndroidManifest.xml:26:13-43
78            android:exported="false"
78-->[com.google.firebase:firebase-common:21.0.0] AndroidManifest.xml:27:13-37
79            android:initOrder="100" />
79-->[com.google.firebase:firebase-common:21.0.0] AndroidManifest.xml:28:13-36
80
81        <activity
81-->[com.google.android.gms:play-services-base:18.0.1] AndroidManifest.xml:20:9-22:45
82            android:name="com.google.android.gms.common.api.GoogleApiActivity"
82-->[com.google.android.gms:play-services-base:18.0.1] AndroidManifest.xml:20:19-85
83            android:exported="false"
83-->[com.google.android.gms:play-services-base:18.0.1] AndroidManifest.xml:22:19-43
84            android:theme="@android:style/Theme.Translucent.NoTitleBar" />
84-->[com.google.android.gms:play-services-base:18.0.1] AndroidManifest.xml:21:19-78
85
86        <provider
86-->[androidx.emoji2:emoji2:1.3.0] AndroidManifest.xml:24:9-32:20
87            android:name="androidx.startup.InitializationProvider"
87-->[androidx.emoji2:emoji2:1.3.0] AndroidManifest.xml:25:13-67
88            android:authorities="wat.inz.kolektorlogow.androidx-startup"
88-->[androidx.emoji2:emoji2:1.3.0] AndroidManifest.xml:26:13-68
89            android:exported="false" >
89-->[androidx.emoji2:emoji2:1.3.0] AndroidManifest.xml:27:13-37
90            <meta-data
90-->[androidx.emoji2:emoji2:1.3.0] AndroidManifest.xml:29:13-31:52
91                android:name="androidx.emoji2.text.EmojiCompatInitializer"
91-->[androidx.emoji2:emoji2:1.3.0] AndroidManifest.xml:30:17-75
92                android:value="androidx.startup" />
92-->[androidx.emoji2:emoji2:1.3.0] AndroidManifest.xml:31:17-49
93            <meta-data
93-->[androidx.lifecycle:lifecycle-process:2.6.2] AndroidManifest.xml:29:13-31:52
94                android:name="androidx.lifecycle.ProcessLifecycleInitializer"
94-->[androidx.lifecycle:lifecycle-process:2.6.2] AndroidManifest.xml:30:17-78
95                android:value="androidx.startup" />
95-->[androidx.lifecycle:lifecycle-process:2.6.2] AndroidManifest.xml:31:17-49
96            <meta-data
96-->[androidx.profileinstaller:profileinstaller:1.4.0] AndroidManifest.xml:29:13-31:52
97                android:name="androidx.profileinstaller.ProfileInstallerInitializer"
97-->[androidx.profileinstaller:profileinstaller:1.4.0] AndroidManifest.xml:30:17-85
98                android:value="androidx.startup" />
98-->[androidx.profileinstaller:profileinstaller:1.4.0] AndroidManifest.xml:31:17-49
99        </provider>
100
101        <uses-library
101-->[androidx.window:window:1.0.0] AndroidManifest.xml:25:9-27:40
102            android:name="androidx.window.extensions"
102-->[androidx.window:window:1.0.0] AndroidManifest.xml:26:13-54
103            android:required="false" />
103-->[androidx.window:window:1.0.0] AndroidManifest.xml:27:13-37
104        <uses-library
104-->[androidx.window:window:1.0.0] AndroidManifest.xml:28:9-30:40
105            android:name="androidx.window.sidecar"
105-->[androidx.window:window:1.0.0] AndroidManifest.xml:29:13-51
106            android:required="false" />
106-->[androidx.window:window:1.0.0] AndroidManifest.xml:30:13-37
107
108        <meta-data
108-->[com.google.android.gms:play-services-basement:18.3.0] AndroidManifest.xml:21:9-23:69
109            android:name="com.google.android.gms.version"
109-->[com.google.android.gms:play-services-basement:18.3.0] AndroidManifest.xml:22:13-58
110            android:value="@integer/google_play_services_version" />
110-->[com.google.android.gms:play-services-basement:18.3.0] AndroidManifest.xml:23:13-66
111
112        <receiver
112-->[androidx.profileinstaller:profileinstaller:1.4.0] AndroidManifest.xml:34:9-52:20
113            android:name="androidx.profileinstaller.ProfileInstallReceiver"
113-->[androidx.profileinstaller:profileinstaller:1.4.0] AndroidManifest.xml:35:13-76
114            android:directBootAware="false"
114-->[androidx.profileinstaller:profileinstaller:1.4.0] AndroidManifest.xml:36:13-44
115            android:enabled="true"
115-->[androidx.profileinstaller:profileinstaller:1.4.0] AndroidManifest.xml:37:13-35
116            android:exported="true"
116-->[androidx.profileinstaller:profileinstaller:1.4.0] AndroidManifest.xml:38:13-36
117            android:permission="android.permission.DUMP" >
117-->[androidx.profileinstaller:profileinstaller:1.4.0] AndroidManifest.xml:39:13-57
118            <intent-filter>
118-->[androidx.profileinstaller:profileinstaller:1.4.0] AndroidManifest.xml:40:13-42:29
119                <action android:name="androidx.profileinstaller.action.INSTALL_PROFILE" />
119-->[androidx.profileinstaller:profileinstaller:1.4.0] AndroidManifest.xml:41:17-91
119-->[androidx.profileinstaller:profileinstaller:1.4.0] AndroidManifest.xml:41:25-88
120            </intent-filter>
121            <intent-filter>
121-->[androidx.profileinstaller:profileinstaller:1.4.0] AndroidManifest.xml:43:13-45:29
122                <action android:name="androidx.profileinstaller.action.SKIP_FILE" />
122-->[androidx.profileinstaller:profileinstaller:1.4.0] AndroidManifest.xml:44:17-85
122-->[androidx.profileinstaller:profileinstaller:1.4.0] AndroidManifest.xml:44:25-82
123            </intent-filter>
124            <intent-filter>
124-->[androidx.profileinstaller:profileinstaller:1.4.0] AndroidManifest.xml:46:13-48:29
125                <action android:name="androidx.profileinstaller.action.SAVE_PROFILE" />
125-->[androidx.profileinstaller:profileinstaller:1.4.0] AndroidManifest.xml:47:17-88
125-->[androidx.profileinstaller:profileinstaller:1.4.0] AndroidManifest.xml:47:25-85
126            </intent-filter>
127            <intent-filter>
127-->[androidx.profileinstaller:profileinstaller:1.4.0] AndroidManifest.xml:49:13-51:29
128                <action android:name="androidx.profileinstaller.action.BENCHMARK_OPERATION" />
128-->[androidx.profileinstaller:profileinstaller:1.4.0] AndroidManifest.xml:50:17-95
128-->[androidx.profileinstaller:profileinstaller:1.4.0] AndroidManifest.xml:50:25-92
129            </intent-filter>
130        </receiver>
131    </application>
132
133</manifest>